# JRE version: OpenJDK Runtime Environment (21.0.5) (build 21.0.5+-12932927-b750.29)
# Java VM: OpenJDK 64-Bit Server VM (21.0.5+-12932927-b750.29, mixed mode, tiered, compressed oops, compressed class ptrs, g1 gc, windows-amd64)
GC Precious Log:
 CardTable entry size: 512
 Card Set container configuration: InlinePtr #cards 5 size 8 Array Of Cards #cards 12 size 40 Howl #buckets 4 coarsen threshold 1843 Howl Bitmap #cards 512 size 80 coarsen threshold 460 Card regions per heap region 1 cards per card region 2048
 CPUs: 8 total, 8 available
 Memory: 8025M
 Large Page Support: Disabled
 NUMA Support: Disabled
 Compressed Oops: Enabled (32-bit)
 Heap Region Size: 1M
 Heap Min Capacity: 8M
 Heap Initial Capacity: 126M
 Heap Max Capacity: 2G
 Pre-touch: Disabled
 Parallel Workers: 8
 Concurrent Workers: 2
 Concurrent Refinement Workers: 8
 Periodic GC: Disabled
Heap:
 garbage-first heap   total 158720K, used 136600K [0x0000000080000000, 0x0000000100000000)
  region size 1024K, 46 young (47104K), 3 survivors (3072K)
 Metaspace       used 98014K, committed 100096K, reserved 1179648K
  class space    used 13366K, committed 14400K, reserved 1048576K
GC Heap History (20 events):
Event: 19.720 GC heap before
{Heap before GC invocations=31 (full 0):
 garbage-first heap   total 116736K, used 90273K [0x0000000080000000, 0x0000000100000000)
  region size 1024K, 27 young (27648K), 6 survivors (6144K)
 Metaspace       used 69154K, committed 70848K, reserved 1114112K
  class space    used 9374K, committed 10240K, reserved 1048576K
}
Event: 19.725 GC heap after
{Heap after GC invocations=32 (full 0):
 garbage-first heap   total 116736K, used 72388K [0x0000000080000000, 0x0000000100000000)
  region size 1024K, 2 young (2048K), 2 survivors (2048K)
 Metaspace       used 69154K, committed 70848K, reserved 1114112K
  class space    used 9374K, committed 10240K, reserved 1048576K
}
Event: 20.220 GC heap before
{Heap before GC invocations=32 (full 0):
 garbage-first heap   total 116736K, used 100036K [0x0000000080000000, 0x0000000100000000)
  region size 1024K, 30 young (30720K), 2 survivors (2048K)
 Metaspace       used 71696K, committed 73472K, reserved 1114112K
  class space    used 9682K, committed 10560K, reserved 1048576K
}
Event: 20.224 GC heap after
{Heap after GC invocations=33 (full 0):
 garbage-first heap   total 116736K, used 72259K [0x0000000080000000, 0x0000000100000000)
  region size 1024K, 3 young (3072K), 3 survivors (3072K)
 Metaspace       used 71696K, committed 73472K, reserved 1114112K
  class space    used 9682K, committed 10560K, reserved 1048576K
}
Event: 20.731 GC heap before
{Heap before GC invocations=33 (full 0):
 garbage-first heap   total 116736K, used 100931K [0x0000000080000000, 0x0000000100000000)
  region size 1024K, 32 young (32768K), 3 survivors (3072K)
 Metaspace       used 75134K, committed 76928K, reserved 1179648K
  class space    used 10122K, committed 11008K, reserved 1048576K
}
Event: 20.734 GC heap after
{Heap after GC invocations=34 (full 0):
 garbage-first heap   total 116736K, used 73105K [0x0000000080000000, 0x0000000100000000)
  region size 1024K, 2 young (2048K), 2 survivors (2048K)
 Metaspace       used 75134K, committed 76928K, reserved 1179648K
  class space    used 10122K, committed 11008K, reserved 1048576K
}
Event: 21.291 GC heap before
{Heap before GC invocations=35 (full 0):
 garbage-first heap   total 122880K, used 107921K [0x0000000080000000, 0x0000000100000000)
  region size 1024K, 32 young (32768K), 2 survivors (2048K)
 Metaspace       used 77637K, committed 79424K, reserved 1179648K
  class space    used 10479K, committed 11392K, reserved 1048576K
}
Event: 21.297 GC heap after
{Heap after GC invocations=36 (full 0):
 garbage-first heap   total 122880K, used 78203K [0x0000000080000000, 0x0000000100000000)
  region size 1024K, 4 young (4096K), 4 survivors (4096K)
 Metaspace       used 77637K, committed 79424K, reserved 1179648K
  class space    used 10479K, committed 11392K, reserved 1048576K
}
Event: 21.751 GC heap before
{Heap before GC invocations=36 (full 0):
 garbage-first heap   total 122880K, used 107899K [0x0000000080000000, 0x0000000100000000)
  region size 1024K, 34 young (34816K), 4 survivors (4096K)
 Metaspace       used 80038K, committed 81856K, reserved 1179648K
  class space    used 10776K, committed 11712K, reserved 1048576K
}
Event: 21.758 GC heap after
{Heap after GC invocations=37 (full 0):
 garbage-first heap   total 122880K, used 79721K [0x0000000080000000, 0x0000000100000000)
  region size 1024K, 5 young (5120K), 5 survivors (5120K)
 Metaspace       used 80038K, committed 81856K, reserved 1179648K
  class space    used 10776K, committed 11712K, reserved 1048576K
}
Event: 22.326 GC heap before
{Heap before GC invocations=37 (full 0):
 garbage-first heap   total 122880K, used 109417K [0x0000000080000000, 0x0000000100000000)
  region size 1024K, 35 young (35840K), 5 survivors (5120K)
 Metaspace       used 82568K, committed 84416K, reserved 1179648K
  class space    used 11119K, committed 12032K, reserved 1048576K
}
Event: 22.331 GC heap after
{Heap after GC invocations=38 (full 0):
 garbage-first heap   total 147456K, used 81269K [0x0000000080000000, 0x0000000100000000)
  region size 1024K, 3 young (3072K), 3 survivors (3072K)
 Metaspace       used 82568K, committed 84416K, reserved 1179648K
  class space    used 11119K, committed 12032K, reserved 1048576K
}
Event: 23.243 GC heap before
{Heap before GC invocations=39 (full 0):
 garbage-first heap   total 147456K, used 130421K [0x0000000080000000, 0x0000000100000000)
  region size 1024K, 51 young (52224K), 3 survivors (3072K)
 Metaspace       used 87355K, committed 89152K, reserved 1179648K
  class space    used 11717K, committed 12608K, reserved 1048576K
}
Event: 23.248 GC heap after
{Heap after GC invocations=40 (full 0):
 garbage-first heap   total 147456K, used 83391K [0x0000000080000000, 0x0000000100000000)
  region size 1024K, 6 young (6144K), 6 survivors (6144K)
 Metaspace       used 87355K, committed 89152K, reserved 1179648K
  class space    used 11717K, committed 12608K, reserved 1048576K
}
Event: 23.952 GC heap before
{Heap before GC invocations=40 (full 0):
 garbage-first heap   total 147456K, used 134591K [0x0000000080000000, 0x0000000100000000)
  region size 1024K, 53 young (54272K), 6 survivors (6144K)
 Metaspace       used 88690K, committed 90688K, reserved 1179648K
  class space    used 11914K, committed 12928K, reserved 1048576K
}
Event: 23.960 GC heap after
{Heap after GC invocations=41 (full 0):
 garbage-first heap   total 147456K, used 90300K [0x0000000080000000, 0x0000000100000000)
  region size 1024K, 7 young (7168K), 7 survivors (7168K)
 Metaspace       used 88690K, committed 90688K, reserved 1179648K
  class space    used 11914K, committed 12928K, reserved 1048576K
}
Event: 24.508 GC heap before
{Heap before GC invocations=41 (full 0):
 garbage-first heap   total 147456K, used 127164K [0x0000000080000000, 0x0000000100000000)
  region size 1024K, 44 young (45056K), 7 survivors (7168K)
 Metaspace       used 91603K, committed 93568K, reserved 1179648K
  class space    used 12310K, committed 13312K, reserved 1048576K
}
Event: 24.515 GC heap after
{Heap after GC invocations=42 (full 0):
 garbage-first heap   total 147456K, used 92863K [0x0000000080000000, 0x0000000100000000)
  region size 1024K, 3 young (3072K), 3 survivors (3072K)
 Metaspace       used 91603K, committed 93568K, reserved 1179648K
  class space    used 12310K, committed 13312K, reserved 1048576K
}
Event: 25.267 GC heap before
{Heap before GC invocations=43 (full 0):
 garbage-first heap   total 158720K, used 134847K [0x0000000080000000, 0x0000000100000000)
  region size 1024K, 43 young (44032K), 3 survivors (3072K)
 Metaspace       used 94815K, committed 96768K, reserved 1179648K
  class space    used 12891K, committed 13888K, reserved 1048576K
}
Event: 25.271 GC heap after
{Heap after GC invocations=44 (full 0):
 garbage-first heap   total 158720K, used 93592K [0x0000000080000000, 0x0000000100000000)
  region size 1024K, 3 young (3072K), 3 survivors (3072K)
 Metaspace       used 94815K, committed 96768K, reserved 1179648K
  class space    used 12891K, committed 13888K, reserved 1048576K
}

