# JRE version: OpenJDK Runtime Environment (21.0.5) (build 21.0.5+-12932927-b750.29)
# Java VM: OpenJDK 64-Bit Server VM (21.0.5+-12932927-b750.29, mixed mode, tiered, compressed oops, compressed class ptrs, g1 gc, windows-amd64)
GC Precious Log:
 CardTable entry size: 512
 Card Set container configuration: InlinePtr #cards 5 size 8 Array Of Cards #cards 12 size 40 Howl #buckets 4 coarsen threshold 1843 Howl Bitmap #cards 512 size 80 coarsen threshold 460 Card regions per heap region 1 cards per card region 2048
 CPUs: 8 total, 8 available
 Memory: 8025M
 Large Page Support: Disabled
 NUMA Support: Disabled
 Compressed Oops: Enabled (32-bit)
 Heap Region Size: 1M
 Heap Min Capacity: 8M
 Heap Initial Capacity: 126M
 Heap Max Capacity: 2G
 Pre-touch: Disabled
 Parallel Workers: 8
 Concurrent Workers: 2
 Concurrent Refinement Workers: 8
 Periodic GC: Disabled
Heap:
 garbage-first heap   total 242688K, used 196886K [0x0000000080000000, 0x0000000100000000)
  region size 1024K, 54 young (55296K), 7 survivors (7168K)
 Metaspace       used 113868K, committed 116096K, reserved 1179648K
  class space    used 15486K, committed 16640K, reserved 1048576K
GC Heap History (20 events):
Event: 17.418 GC heap before
{Heap before GC invocations=42 (full 0):
 garbage-first heap   total 167936K, used 149461K [0x0000000080000000, 0x0000000100000000)
  region size 1024K, 52 young (53248K), 7 survivors (7168K)
 Metaspace       used 110410K, committed 112576K, reserved 1179648K
  class space    used 15147K, committed 16256K, reserved 1048576K
}
Event: 17.430 GC heap after
{Heap after GC invocations=43 (full 0):
 garbage-first heap   total 167936K, used 111999K [0x0000000080000000, 0x0000000100000000)
  region size 1024K, 7 young (7168K), 7 survivors (7168K)
 Metaspace       used 110410K, committed 112576K, reserved 1179648K
  class space    used 15147K, committed 16256K, reserved 1048576K
}
Event: 17.634 GC heap before
{Heap before GC invocations=44 (full 0):
 garbage-first heap   total 188416K, used 148863K [0x0000000080000000, 0x0000000100000000)
  region size 1024K, 44 young (45056K), 7 survivors (7168K)
 Metaspace       used 110419K, committed 112576K, reserved 1179648K
  class space    used 15148K, committed 16256K, reserved 1048576K
}
Event: 17.642 GC heap after
{Heap after GC invocations=45 (full 0):
 garbage-first heap   total 188416K, used 115472K [0x0000000080000000, 0x0000000100000000)
  region size 1024K, 4 young (4096K), 4 survivors (4096K)
 Metaspace       used 110419K, committed 112576K, reserved 1179648K
  class space    used 15148K, committed 16256K, reserved 1048576K
}
Event: 18.121 GC heap before
{Heap before GC invocations=45 (full 0):
 garbage-first heap   total 188416K, used 172816K [0x0000000080000000, 0x0000000100000000)
  region size 1024K, 61 young (62464K), 4 survivors (4096K)
 Metaspace       used 110936K, committed 113152K, reserved 1179648K
  class space    used 15248K, committed 16384K, reserved 1048576K
}
Event: 18.127 GC heap after
{Heap after GC invocations=46 (full 0):
 garbage-first heap   total 188416K, used 116216K [0x0000000080000000, 0x0000000100000000)
  region size 1024K, 6 young (6144K), 6 survivors (6144K)
 Metaspace       used 110936K, committed 113152K, reserved 1179648K
  class space    used 15248K, committed 16384K, reserved 1048576K
}
Event: 18.500 GC heap before
{Heap before GC invocations=46 (full 0):
 garbage-first heap   total 188416K, used 170488K [0x0000000080000000, 0x0000000100000000)
  region size 1024K, 60 young (61440K), 6 survivors (6144K)
 Metaspace       used 111062K, committed 113280K, reserved 1179648K
  class space    used 15258K, committed 16384K, reserved 1048576K
}
Event: 18.510 GC heap after
{Heap after GC invocations=47 (full 0):
 garbage-first heap   total 188416K, used 119823K [0x0000000080000000, 0x0000000100000000)
  region size 1024K, 6 young (6144K), 6 survivors (6144K)
 Metaspace       used 111062K, committed 113280K, reserved 1179648K
  class space    used 15258K, committed 16384K, reserved 1048576K
}
Event: 19.081 GC heap before
{Heap before GC invocations=48 (full 0):
 garbage-first heap   total 201728K, used 168975K [0x0000000080000000, 0x0000000100000000)
  region size 1024K, 55 young (56320K), 6 survivors (6144K)
 Metaspace       used 111396K, committed 113664K, reserved 1179648K
  class space    used 15297K, committed 16448K, reserved 1048576K
}
Event: 19.088 GC heap after
{Heap after GC invocations=49 (full 0):
 garbage-first heap   total 201728K, used 121132K [0x0000000080000000, 0x0000000100000000)
  region size 1024K, 5 young (5120K), 5 survivors (5120K)
 Metaspace       used 111396K, committed 113664K, reserved 1179648K
  class space    used 15297K, committed 16448K, reserved 1048576K
}
Event: 19.545 GC heap before
{Heap before GC invocations=49 (full 0):
 garbage-first heap   total 201728K, used 183596K [0x0000000080000000, 0x0000000100000000)
  region size 1024K, 67 young (68608K), 5 survivors (5120K)
 Metaspace       used 111459K, committed 113664K, reserved 1179648K
  class space    used 15301K, committed 16448K, reserved 1048576K
}
Event: 19.553 GC heap after
{Heap after GC invocations=50 (full 0):
 garbage-first heap   total 242688K, used 121349K [0x0000000080000000, 0x0000000100000000)
  region size 1024K, 7 young (7168K), 7 survivors (7168K)
 Metaspace       used 111459K, committed 113664K, reserved 1179648K
  class space    used 15301K, committed 16448K, reserved 1048576K
}
Event: 260.563 GC heap before
{Heap before GC invocations=50 (full 0):
 garbage-first heap   total 242688K, used 220677K [0x0000000080000000, 0x0000000100000000)
  region size 1024K, 105 young (107520K), 7 survivors (7168K)
 Metaspace       used 112777K, committed 115008K, reserved 1179648K
  class space    used 15474K, committed 16640K, reserved 1048576K
}
Event: 260.785 GC heap after
{Heap after GC invocations=51 (full 0):
 garbage-first heap   total 242688K, used 123776K [0x0000000080000000, 0x0000000100000000)
  region size 1024K, 9 young (9216K), 9 survivors (9216K)
 Metaspace       used 112777K, committed 115008K, reserved 1179648K
  class space    used 15474K, committed 16640K, reserved 1048576K
}
Event: 265.000 GC heap before
{Heap before GC invocations=51 (full 0):
 garbage-first heap   total 242688K, used 220032K [0x0000000080000000, 0x0000000100000000)
  region size 1024K, 103 young (105472K), 9 survivors (9216K)
 Metaspace       used 113312K, committed 115584K, reserved 1179648K
  class space    used 15476K, committed 16640K, reserved 1048576K
}
Event: 265.059 GC heap after
{Heap after GC invocations=52 (full 0):
 garbage-first heap   total 242688K, used 136110K [0x0000000080000000, 0x0000000100000000)
  region size 1024K, 13 young (13312K), 13 survivors (13312K)
 Metaspace       used 113312K, committed 115584K, reserved 1179648K
  class space    used 15476K, committed 16640K, reserved 1048576K
}
Event: 344.157 GC heap before
{Heap before GC invocations=52 (full 0):
 garbage-first heap   total 242688K, used 214958K [0x0000000080000000, 0x0000000100000000)
  region size 1024K, 91 young (93184K), 13 survivors (13312K)
 Metaspace       used 113567K, committed 115840K, reserved 1179648K
  class space    used 15485K, committed 16640K, reserved 1048576K
}
Event: 344.579 GC heap after
{Heap after GC invocations=53 (full 0):
 garbage-first heap   total 242688K, used 144164K [0x0000000080000000, 0x0000000100000000)
  region size 1024K, 7 young (7168K), 7 survivors (7168K)
 Metaspace       used 113567K, committed 115840K, reserved 1179648K
  class space    used 15485K, committed 16640K, reserved 1048576K
}
Event: 349.679 GC heap before
{Heap before GC invocations=54 (full 0):
 garbage-first heap   total 242688K, used 189220K [0x0000000080000000, 0x0000000100000000)
  region size 1024K, 52 young (53248K), 7 survivors (7168K)
 Metaspace       used 113815K, committed 116032K, reserved 1179648K
  class space    used 15486K, committed 16640K, reserved 1048576K
}
Event: 349.709 GC heap after
{Heap after GC invocations=55 (full 0):
 garbage-first heap   total 242688K, used 150806K [0x0000000080000000, 0x0000000100000000)
  region size 1024K, 7 young (7168K), 7 survivors (7168K)
 Metaspace       used 113815K, committed 116032K, reserved 1179648K
  class space    used 15486K, committed 16640K, reserved 1048576K
}

