# JRE version: OpenJDK Runtime Environment (21.0.5) (build 21.0.5+-12932927-b750.29)
# Java VM: OpenJDK 64-Bit Server VM (21.0.5+-12932927-b750.29, mixed mode, tiered, compressed oops, compressed class ptrs, g1 gc, windows-amd64)
GC Precious Log:
 CardTable entry size: 512
 Card Set container configuration: InlinePtr #cards 5 size 8 Array Of Cards #cards 12 size 40 Howl #buckets 4 coarsen threshold 1843 Howl Bitmap #cards 512 size 80 coarsen threshold 460 Card regions per heap region 1 cards per card region 2048
 CPUs: 8 total, 8 available
 Memory: 8025M
 Large Page Support: Disabled
 NUMA Support: Disabled
 Compressed Oops: Enabled (32-bit)
 Heap Region Size: 1M
 Heap Min Capacity: 8M
 Heap Initial Capacity: 126M
 Heap Max Capacity: 2G
 Pre-touch: Disabled
 Parallel Workers: 8
 Concurrent Workers: 2
 Concurrent Refinement Workers: 8
 Periodic GC: Disabled
Heap:
 garbage-first heap   total 153600K, used 139750K [0x0000000080000000, 0x0000000100000000)
  region size 1024K, 49 young (50176K), 3 survivors (3072K)
 Metaspace       used 98815K, committed 100864K, reserved 1179648K
  class space    used 13488K, committed 14464K, reserved 1048576K
GC Heap History (20 events):
Event: 15.777 GC heap before
{Heap before GC invocations=28 (full 0):
 garbage-first heap   total 118784K, used 107369K [0x0000000080000000, 0x0000000100000000)
  region size 1024K, 45 young (46080K), 7 survivors (7168K)
 Metaspace       used 69207K, committed 70976K, reserved 1114112K
  class space    used 9382K, committed 10240K, reserved 1048576K
}
Event: 15.783 GC heap after
{Heap after GC invocations=29 (full 0):
 garbage-first heap   total 121856K, used 72489K [0x0000000080000000, 0x0000000100000000)
  region size 1024K, 6 young (6144K), 6 survivors (6144K)
 Metaspace       used 69207K, committed 70976K, reserved 1114112K
  class space    used 9382K, committed 10240K, reserved 1048576K
}
Event: 16.412 GC heap before
{Heap before GC invocations=29 (full 0):
 garbage-first heap   total 121856K, used 106281K [0x0000000080000000, 0x0000000100000000)
  region size 1024K, 40 young (40960K), 6 survivors (6144K)
 Metaspace       used 72602K, committed 74368K, reserved 1114112K
  class space    used 9763K, committed 10624K, reserved 1048576K
}
Event: 16.416 GC heap after
{Heap after GC invocations=30 (full 0):
 garbage-first heap   total 121856K, used 73490K [0x0000000080000000, 0x0000000100000000)
  region size 1024K, 2 young (2048K), 2 survivors (2048K)
 Metaspace       used 72602K, committed 74368K, reserved 1114112K
  class space    used 9763K, committed 10624K, reserved 1048576K
}
Event: 17.155 GC heap before
{Heap before GC invocations=31 (full 0):
 garbage-first heap   total 124928K, used 108306K [0x0000000080000000, 0x0000000100000000)
  region size 1024K, 36 young (36864K), 2 survivors (2048K)
 Metaspace       used 76213K, committed 78016K, reserved 1179648K
  class space    used 10304K, committed 11200K, reserved 1048576K
}
Event: 17.159 GC heap after
{Heap after GC invocations=32 (full 0):
 garbage-first heap   total 124928K, used 75678K [0x0000000080000000, 0x0000000100000000)
  region size 1024K, 4 young (4096K), 4 survivors (4096K)
 Metaspace       used 76213K, committed 78016K, reserved 1179648K
  class space    used 10304K, committed 11200K, reserved 1048576K
}
Event: 17.844 GC heap before
{Heap before GC invocations=32 (full 0):
 garbage-first heap   total 124928K, used 116638K [0x0000000080000000, 0x0000000100000000)
  region size 1024K, 40 young (40960K), 4 survivors (4096K)
 Metaspace       used 79144K, committed 80960K, reserved 1179648K
  class space    used 10665K, committed 11584K, reserved 1048576K
}
Event: 17.851 GC heap after
{Heap after GC invocations=33 (full 0):
 garbage-first heap   total 126976K, used 79356K [0x0000000080000000, 0x0000000100000000)
  region size 1024K, 5 young (5120K), 5 survivors (5120K)
 Metaspace       used 79144K, committed 80960K, reserved 1179648K
  class space    used 10665K, committed 11584K, reserved 1048576K
}
Event: 18.549 GC heap before
{Heap before GC invocations=33 (full 0):
 garbage-first heap   total 126976K, used 113148K [0x0000000080000000, 0x0000000100000000)
  region size 1024K, 39 young (39936K), 5 survivors (5120K)
 Metaspace       used 81841K, committed 83776K, reserved 1179648K
  class space    used 11010K, committed 11968K, reserved 1048576K
}
Event: 18.556 GC heap after
{Heap after GC invocations=34 (full 0):
 garbage-first heap   total 126976K, used 81861K [0x0000000080000000, 0x0000000100000000)
  region size 1024K, 2 young (2048K), 2 survivors (2048K)
 Metaspace       used 81841K, committed 83776K, reserved 1179648K
  class space    used 11010K, committed 11968K, reserved 1048576K
}
Event: 19.369 GC heap before
{Heap before GC invocations=35 (full 0):
 garbage-first heap   total 137216K, used 116677K [0x0000000080000000, 0x0000000100000000)
  region size 1024K, 36 young (36864K), 2 survivors (2048K)
 Metaspace       used 85744K, committed 87552K, reserved 1179648K
  class space    used 11510K, committed 12416K, reserved 1048576K
}
Event: 19.373 GC heap after
{Heap after GC invocations=36 (full 0):
 garbage-first heap   total 137216K, used 83518K [0x0000000080000000, 0x0000000100000000)
  region size 1024K, 4 young (4096K), 4 survivors (4096K)
 Metaspace       used 85744K, committed 87552K, reserved 1179648K
  class space    used 11510K, committed 12416K, reserved 1048576K
}
Event: 20.080 GC heap before
{Heap before GC invocations=36 (full 0):
 garbage-first heap   total 137216K, used 127550K [0x0000000080000000, 0x0000000100000000)
  region size 1024K, 44 young (45056K), 4 survivors (4096K)
 Metaspace       used 88475K, committed 90304K, reserved 1179648K
  class space    used 11898K, committed 12800K, reserved 1048576K
}
Event: 20.087 GC heap after
{Heap after GC invocations=37 (full 0):
 garbage-first heap   total 137216K, used 88077K [0x0000000080000000, 0x0000000100000000)
  region size 1024K, 4 young (4096K), 4 survivors (4096K)
 Metaspace       used 88475K, committed 90304K, reserved 1179648K
  class space    used 11898K, committed 12800K, reserved 1048576K
}
Event: 20.673 GC heap before
{Heap before GC invocations=37 (full 0):
 garbage-first heap   total 137216K, used 123917K [0x0000000080000000, 0x0000000100000000)
  region size 1024K, 39 young (39936K), 4 survivors (4096K)
 Metaspace       used 89259K, committed 91136K, reserved 1179648K
  class space    used 11994K, committed 12928K, reserved 1048576K
}
Event: 20.679 GC heap after
{Heap after GC invocations=38 (full 0):
 garbage-first heap   total 137216K, used 91566K [0x0000000080000000, 0x0000000100000000)
  region size 1024K, 5 young (5120K), 5 survivors (5120K)
 Metaspace       used 89259K, committed 91136K, reserved 1179648K
  class space    used 11994K, committed 12928K, reserved 1048576K
}
Event: 21.223 GC heap before
{Heap before GC invocations=39 (full 0):
 garbage-first heap   total 153600K, used 123310K [0x0000000080000000, 0x0000000100000000)
  region size 1024K, 36 young (36864K), 5 survivors (5120K)
 Metaspace       used 91598K, committed 93504K, reserved 1179648K
  class space    used 12322K, committed 13248K, reserved 1048576K
}
Event: 21.228 GC heap after
{Heap after GC invocations=40 (full 0):
 garbage-first heap   total 153600K, used 94791K [0x0000000080000000, 0x0000000100000000)
  region size 1024K, 2 young (2048K), 2 survivors (2048K)
 Metaspace       used 91598K, committed 93504K, reserved 1179648K
  class space    used 12322K, committed 13248K, reserved 1048576K
}
Event: 22.110 GC heap before
{Heap before GC invocations=40 (full 0):
 garbage-first heap   total 153600K, used 142919K [0x0000000080000000, 0x0000000100000000)
  region size 1024K, 49 young (50176K), 2 survivors (2048K)
 Metaspace       used 95476K, committed 97408K, reserved 1179648K
  class space    used 12998K, committed 13952K, reserved 1048576K
}
Event: 22.115 GC heap after
{Heap after GC invocations=41 (full 0):
 garbage-first heap   total 153600K, used 93670K [0x0000000080000000, 0x0000000100000000)
  region size 1024K, 3 young (3072K), 3 survivors (3072K)
 Metaspace       used 95476K, committed 97408K, reserved 1179648K
  class space    used 12998K, committed 13952K, reserved 1048576K
}

